<?xml version="1.0" encoding="UTF-8"?>
<testng-results skipped="0" failed="4" ignored="0" total="32" passed="28">
  <reporter-output>
  </reporter-output>
  <suite name="Default suite" duration-ms="9062" started-at="2019-09-30T14:20:52Z" finished-at="2019-09-30T14:21:02Z">
    <groups>
    </groups>
    <test name="Default test" duration-ms="9062" started-at="2019-09-30T14:20:52Z" finished-at="2019-09-30T14:21:02Z">
      <class name="com.atmecs.assessment.testscripts.FootersScript">
        <test-method status="PASS" signature="intitailizeBrowser()[pri:0, instance:com.atmecs.assessment.testscripts.FootersScript@239963d8]" name="intitailizeBrowser" is-config="true" duration-ms="5184" started-at="2019-09-30T14:20:52Z" finished-at="2019-09-30T14:20:58Z">
          <reporter-output>
          </reporter-output>
        </test-method> <!-- intitailizeBrowser -->
        <test-method status="FAIL" signature="homefooterValidation([Ljava.lang.String;)[pri:1, instance:com.atmecs.assessment.testscripts.FootersScript@239963d8]" name="homefooterValidation" duration-ms="958" started-at="2019-09-30T14:20:59Z" data-provider="footervalidation" finished-at="2019-09-30T14:21:00Z">
          <params>
            <param index="0">
              <value>
                <![CDATA[[Ljava.lang.String;@1a45193b]]>
              </value>
            </param>
          </params>
          <exception class="org.junit.ComparisonFailure">
            <message>
              <![CDATA[Sitemap expected:<[Quality Engineering]> but was:<[assertion not done]>]]>
            </message>
            <full-stacktrace>
              <![CDATA[org.junit.ComparisonFailure: Sitemap expected:<[Quality Engineering]> but was:<[assertion not done]>
at org.junit.Assert.assertEquals(Assert.java:123)
at com.atmecs.assessment.pages.Footers.sitemapValidation(Footers.java:44)
at com.atmecs.assessment.pages.Footers.clickOnHeaders(Footers.java:16)
at com.atmecs.assessment.testscripts.FootersScript.homefooterValidation(FootersScript.java:25)
at sun.reflect.NativeMethodAccessorImpl.invoke0(Native Method)
at sun.reflect.NativeMethodAccessorImpl.invoke(NativeMethodAccessorImpl.java:62)
at sun.reflect.DelegatingMethodAccessorImpl.invoke(DelegatingMethodAccessorImpl.java:43)
at java.lang.reflect.Method.invoke(Method.java:498)
at org.testng.internal.MethodInvocationHelper.invokeMethod(MethodInvocationHelper.java:124)
at org.testng.internal.Invoker.invokeMethod(Invoker.java:583)
at org.testng.internal.Invoker.invokeTestMethod(Invoker.java:719)
at org.testng.internal.Invoker.invokeTestMethods(Invoker.java:989)
at org.testng.internal.TestMethodWorker.invokeTestMethods(TestMethodWorker.java:125)
at org.testng.internal.TestMethodWorker.run(TestMethodWorker.java:109)
at org.testng.TestRunner.privateRun(TestRunner.java:648)
at org.testng.TestRunner.run(TestRunner.java:505)
at org.testng.SuiteRunner.runTest(SuiteRunner.java:455)
at org.testng.SuiteRunner.runSequentially(SuiteRunner.java:450)
at org.testng.SuiteRunner.privateRun(SuiteRunner.java:415)
at org.testng.SuiteRunner.run(SuiteRunner.java:364)
at org.testng.SuiteRunnerWorker.runSuite(SuiteRunnerWorker.java:52)
at org.testng.SuiteRunnerWorker.run(SuiteRunnerWorker.java:84)
at org.testng.TestNG.runSuitesSequentially(TestNG.java:1208)
at org.testng.TestNG.runSuitesLocally(TestNG.java:1137)
at org.testng.TestNG.runSuites(TestNG.java:1049)
at org.testng.TestNG.run(TestNG.java:1017)
at org.testng.remote.AbstractRemoteTestNG.run(AbstractRemoteTestNG.java:115)
at org.testng.remote.RemoteTestNG.initAndRun(RemoteTestNG.java:251)
at org.testng.remote.RemoteTestNG.main(RemoteTestNG.java:77)
]]>
            </full-stacktrace>
          </exception> <!-- org.junit.ComparisonFailure -->
          <reporter-output>
          </reporter-output>
        </test-method> <!-- homefooterValidation -->
        <test-method status="FAIL" signature="homefooterValidation([Ljava.lang.String;)[pri:1, instance:com.atmecs.assessment.testscripts.FootersScript@239963d8]" name="homefooterValidation" duration-ms="308" started-at="2019-09-30T14:21:00Z" data-provider="footervalidation" finished-at="2019-09-30T14:21:00Z">
          <params>
            <param index="0">
              <value>
                <![CDATA[[Ljava.lang.String;@6e6d5d29]]>
              </value>
            </param>
          </params>
          <exception class="org.junit.ComparisonFailure">
            <message>
              <![CDATA[Services expected:<[Automation Engineer]> but was:<[assertion not done]>]]>
            </message>
            <full-stacktrace>
              <![CDATA[org.junit.ComparisonFailure: Services expected:<[Automation Engineer]> but was:<[assertion not done]>
at org.junit.Assert.assertEquals(Assert.java:123)
at com.atmecs.assessment.pages.Footers.sitemapValidation(Footers.java:44)
at com.atmecs.assessment.pages.Footers.clickOnHeaders(Footers.java:21)
at com.atmecs.assessment.testscripts.FootersScript.homefooterValidation(FootersScript.java:25)
at sun.reflect.NativeMethodAccessorImpl.invoke0(Native Method)
at sun.reflect.NativeMethodAccessorImpl.invoke(NativeMethodAccessorImpl.java:62)
at sun.reflect.DelegatingMethodAccessorImpl.invoke(DelegatingMethodAccessorImpl.java:43)
at java.lang.reflect.Method.invoke(Method.java:498)
at org.testng.internal.MethodInvocationHelper.invokeMethod(MethodInvocationHelper.java:124)
at org.testng.internal.Invoker.invokeMethod(Invoker.java:583)
at org.testng.internal.Invoker.invokeTestMethod(Invoker.java:719)
at org.testng.internal.Invoker.invokeTestMethods(Invoker.java:989)
at org.testng.internal.TestMethodWorker.invokeTestMethods(TestMethodWorker.java:125)
at org.testng.internal.TestMethodWorker.run(TestMethodWorker.java:109)
at org.testng.TestRunner.privateRun(TestRunner.java:648)
at org.testng.TestRunner.run(TestRunner.java:505)
at org.testng.SuiteRunner.runTest(SuiteRunner.java:455)
at org.testng.SuiteRunner.runSequentially(SuiteRunner.java:450)
at org.testng.SuiteRunner.privateRun(SuiteRunner.java:415)
at org.testng.SuiteRunner.run(SuiteRunner.java:364)
at org.testng.SuiteRunnerWorker.runSuite(SuiteRunnerWorker.java:52)
at org.testng.SuiteRunnerWorker.run(SuiteRunnerWorker.java:84)
at org.testng.TestNG.runSuitesSequentially(TestNG.java:1208)
at org.testng.TestNG.runSuitesLocally(TestNG.java:1137)
at org.testng.TestNG.runSuites(TestNG.java:1049)
at org.testng.TestNG.run(TestNG.java:1017)
at org.testng.remote.AbstractRemoteTestNG.run(AbstractRemoteTestNG.java:115)
at org.testng.remote.RemoteTestNG.initAndRun(RemoteTestNG.java:251)
at org.testng.remote.RemoteTestNG.main(RemoteTestNG.java:77)
]]>
            </full-stacktrace>
          </exception> <!-- org.junit.ComparisonFailure -->
          <reporter-output>
          </reporter-output>
        </test-method> <!-- homefooterValidation -->
        <test-method status="FAIL" signature="homefooterValidation([Ljava.lang.String;)[pri:1, instance:com.atmecs.assessment.testscripts.FootersScript@239963d8]" name="homefooterValidation" duration-ms="248" started-at="2019-09-30T14:21:00Z" data-provider="footervalidation" finished-at="2019-09-30T14:21:00Z">
          <params>
            <param index="0">
              <value>
                <![CDATA[[Ljava.lang.String;@5c530d1e]]>
              </value>
            </param>
          </params>
          <exception class="org.junit.ComparisonFailure">
            <message>
              <![CDATA[Careers expected:<[US Headquarters]> but was:<[assertion not done]>]]>
            </message>
            <full-stacktrace>
              <![CDATA[org.junit.ComparisonFailure: Careers expected:<[US Headquarters]> but was:<[assertion not done]>
at org.junit.Assert.assertEquals(Assert.java:123)
at com.atmecs.assessment.pages.Footers.sitemapValidation(Footers.java:44)
at com.atmecs.assessment.pages.Footers.clickOnHeaders(Footers.java:25)
at com.atmecs.assessment.testscripts.FootersScript.homefooterValidation(FootersScript.java:25)
at sun.reflect.NativeMethodAccessorImpl.invoke0(Native Method)
at sun.reflect.NativeMethodAccessorImpl.invoke(NativeMethodAccessorImpl.java:62)
at sun.reflect.DelegatingMethodAccessorImpl.invoke(DelegatingMethodAccessorImpl.java:43)
at java.lang.reflect.Method.invoke(Method.java:498)
at org.testng.internal.MethodInvocationHelper.invokeMethod(MethodInvocationHelper.java:124)
at org.testng.internal.Invoker.invokeMethod(Invoker.java:583)
at org.testng.internal.Invoker.invokeTestMethod(Invoker.java:719)
at org.testng.internal.Invoker.invokeTestMethods(Invoker.java:989)
at org.testng.internal.TestMethodWorker.invokeTestMethods(TestMethodWorker.java:125)
at org.testng.internal.TestMethodWorker.run(TestMethodWorker.java:109)
at org.testng.TestRunner.privateRun(TestRunner.java:648)
at org.testng.TestRunner.run(TestRunner.java:505)
at org.testng.SuiteRunner.runTest(SuiteRunner.java:455)
at org.testng.SuiteRunner.runSequentially(SuiteRunner.java:450)
at org.testng.SuiteRunner.privateRun(SuiteRunner.java:415)
at org.testng.SuiteRunner.run(SuiteRunner.java:364)
at org.testng.SuiteRunnerWorker.runSuite(SuiteRunnerWorker.java:52)
at org.testng.SuiteRunnerWorker.run(SuiteRunnerWorker.java:84)
at org.testng.TestNG.runSuitesSequentially(TestNG.java:1208)
at org.testng.TestNG.runSuitesLocally(TestNG.java:1137)
at org.testng.TestNG.runSuites(TestNG.java:1049)
at org.testng.TestNG.run(TestNG.java:1017)
at org.testng.remote.AbstractRemoteTestNG.run(AbstractRemoteTestNG.java:115)
at org.testng.remote.RemoteTestNG.initAndRun(RemoteTestNG.java:251)
at org.testng.remote.RemoteTestNG.main(RemoteTestNG.java:77)
]]>
            </full-stacktrace>
          </exception> <!-- org.junit.ComparisonFailure -->
          <reporter-output>
          </reporter-output>
        </test-method> <!-- homefooterValidation -->
        <test-method status="FAIL" signature="homefooterValidation([Ljava.lang.String;)[pri:1, instance:com.atmecs.assessment.testscripts.FootersScript@239963d8]" name="homefooterValidation" duration-ms="308" started-at="2019-09-30T14:21:00Z" data-provider="footervalidation" finished-at="2019-09-30T14:21:01Z">
          <params>
            <param index="0">
              <value>
                <![CDATA[[Ljava.lang.String;@6c25e6c4]]>
              </value>
            </param>
          </params>
          <exception class="java.lang.AssertionError">
            <message>
              <![CDATA[Contact Us expected:<null> but was:<assertion not done>]]>
            </message>
            <full-stacktrace>
              <![CDATA[java.lang.AssertionError: Contact Us expected:<null> but was:<assertion not done>
at org.junit.Assert.fail(Assert.java:91)
at org.junit.Assert.failNotEquals(Assert.java:645)
at org.junit.Assert.assertEquals(Assert.java:126)
at com.atmecs.assessment.pages.Footers.sitemapValidation(Footers.java:44)
at com.atmecs.assessment.pages.Footers.clickOnHeaders(Footers.java:29)
at com.atmecs.assessment.testscripts.FootersScript.homefooterValidation(FootersScript.java:25)
at sun.reflect.NativeMethodAccessorImpl.invoke0(Native Method)
at sun.reflect.NativeMethodAccessorImpl.invoke(NativeMethodAccessorImpl.java:62)
at sun.reflect.DelegatingMethodAccessorImpl.invoke(DelegatingMethodAccessorImpl.java:43)
at java.lang.reflect.Method.invoke(Method.java:498)
at org.testng.internal.MethodInvocationHelper.invokeMethod(MethodInvocationHelper.java:124)
at org.testng.internal.Invoker.invokeMethod(Invoker.java:583)
at org.testng.internal.Invoker.invokeTestMethod(Invoker.java:719)
at org.testng.internal.Invoker.invokeTestMethods(Invoker.java:989)
at org.testng.internal.TestMethodWorker.invokeTestMethods(TestMethodWorker.java:125)
at org.testng.internal.TestMethodWorker.run(TestMethodWorker.java:109)
at org.testng.TestRunner.privateRun(TestRunner.java:648)
at org.testng.TestRunner.run(TestRunner.java:505)
at org.testng.SuiteRunner.runTest(SuiteRunner.java:455)
at org.testng.SuiteRunner.runSequentially(SuiteRunner.java:450)
at org.testng.SuiteRunner.privateRun(SuiteRunner.java:415)
at org.testng.SuiteRunner.run(SuiteRunner.java:364)
at org.testng.SuiteRunnerWorker.runSuite(SuiteRunnerWorker.java:52)
at org.testng.SuiteRunnerWorker.run(SuiteRunnerWorker.java:84)
at org.testng.TestNG.runSuitesSequentially(TestNG.java:1208)
at org.testng.TestNG.runSuitesLocally(TestNG.java:1137)
at org.testng.TestNG.runSuites(TestNG.java:1049)
at org.testng.TestNG.run(TestNG.java:1017)
at org.testng.remote.AbstractRemoteTestNG.run(AbstractRemoteTestNG.java:115)
at org.testng.remote.RemoteTestNG.initAndRun(RemoteTestNG.java:251)
at org.testng.remote.RemoteTestNG.main(RemoteTestNG.java:77)
]]>
            </full-stacktrace>
          </exception> <!-- java.lang.AssertionError -->
          <reporter-output>
          </reporter-output>
        </test-method> <!-- homefooterValidation -->
        <test-method status="PASS" signature="aboutusfooterValidation([Ljava.lang.String;)[pri:2, instance:com.atmecs.assessment.testscripts.FootersScript@239963d8]" name="aboutusfooterValidation" duration-ms="8" started-at="2019-09-30T14:21:01Z" data-provider="footervalidation" finished-at="2019-09-30T14:21:01Z">
          <params>
            <param index="0">
              <value>
                <![CDATA[[Ljava.lang.String;@70efb718]]>
              </value>
            </param>
          </params>
          <reporter-output>
          </reporter-output>
        </test-method> <!-- aboutusfooterValidation -->
        <test-method status="PASS" signature="aboutusfooterValidation([Ljava.lang.String;)[pri:2, instance:com.atmecs.assessment.testscripts.FootersScript@239963d8]" name="aboutusfooterValidation" duration-ms="8" started-at="2019-09-30T14:21:01Z" data-provider="footervalidation" finished-at="2019-09-30T14:21:01Z">
          <params>
            <param index="0">
              <value>
                <![CDATA[[Ljava.lang.String;@b70da4c]]>
              </value>
            </param>
          </params>
          <reporter-output>
          </reporter-output>
        </test-method> <!-- aboutusfooterValidation -->
        <test-method status="PASS" signature="aboutusfooterValidation([Ljava.lang.String;)[pri:2, instance:com.atmecs.assessment.testscripts.FootersScript@239963d8]" name="aboutusfooterValidation" duration-ms="4" started-at="2019-09-30T14:21:01Z" data-provider="footervalidation" finished-at="2019-09-30T14:21:01Z">
          <params>
            <param index="0">
              <value>
                <![CDATA[[Ljava.lang.String;@4a11eb84]]>
              </value>
            </param>
          </params>
          <reporter-output>
          </reporter-output>
        </test-method> <!-- aboutusfooterValidation -->
        <test-method status="PASS" signature="aboutusfooterValidation([Ljava.lang.String;)[pri:2, instance:com.atmecs.assessment.testscripts.FootersScript@239963d8]" name="aboutusfooterValidation" duration-ms="4" started-at="2019-09-30T14:21:01Z" data-provider="footervalidation" finished-at="2019-09-30T14:21:01Z">
          <params>
            <param index="0">
              <value>
                <![CDATA[[Ljava.lang.String;@4e858e0a]]>
              </value>
            </param>
          </params>
          <reporter-output>
          </reporter-output>
        </test-method> <!-- aboutusfooterValidation -->
        <test-method status="PASS" signature="ServicesfooterValidation([Ljava.lang.String;)[pri:3, instance:com.atmecs.assessment.testscripts.FootersScript@239963d8]" name="ServicesfooterValidation" duration-ms="4" started-at="2019-09-30T14:21:01Z" data-provider="footervalidation" finished-at="2019-09-30T14:21:01Z">
          <params>
            <param index="0">
              <value>
                <![CDATA[[Ljava.lang.String;@85e6769]]>
              </value>
            </param>
          </params>
          <reporter-output>
          </reporter-output>
        </test-method> <!-- ServicesfooterValidation -->
        <test-method status="PASS" signature="ServicesfooterValidation([Ljava.lang.String;)[pri:3, instance:com.atmecs.assessment.testscripts.FootersScript@239963d8]" name="ServicesfooterValidation" duration-ms="0" started-at="2019-09-30T14:21:01Z" data-provider="footervalidation" finished-at="2019-09-30T14:21:01Z">
          <params>
            <param index="0">
              <value>
                <![CDATA[[Ljava.lang.String;@48a12036]]>
              </value>
            </param>
          </params>
          <reporter-output>
          </reporter-output>
        </test-method> <!-- ServicesfooterValidation -->
        <test-method status="PASS" signature="ServicesfooterValidation([Ljava.lang.String;)[pri:3, instance:com.atmecs.assessment.testscripts.FootersScript@239963d8]" name="ServicesfooterValidation" duration-ms="0" started-at="2019-09-30T14:21:01Z" data-provider="footervalidation" finished-at="2019-09-30T14:21:01Z">
          <params>
            <param index="0">
              <value>
                <![CDATA[[Ljava.lang.String;@c5ee75e]]>
              </value>
            </param>
          </params>
          <reporter-output>
          </reporter-output>
        </test-method> <!-- ServicesfooterValidation -->
        <test-method status="PASS" signature="ServicesfooterValidation([Ljava.lang.String;)[pri:3, instance:com.atmecs.assessment.testscripts.FootersScript@239963d8]" name="ServicesfooterValidation" duration-ms="8" started-at="2019-09-30T14:21:01Z" data-provider="footervalidation" finished-at="2019-09-30T14:21:01Z">
          <params>
            <param index="0">
              <value>
                <![CDATA[[Ljava.lang.String;@bf1ec20]]>
              </value>
            </param>
          </params>
          <reporter-output>
          </reporter-output>
        </test-method> <!-- ServicesfooterValidation -->
        <test-method status="PASS" signature="patenersfooterValidation([Ljava.lang.String;)[pri:4, instance:com.atmecs.assessment.testscripts.FootersScript@239963d8]" name="patenersfooterValidation" duration-ms="0" started-at="2019-09-30T14:21:01Z" data-provider="footervalidation" finished-at="2019-09-30T14:21:01Z">
          <params>
            <param index="0">
              <value>
                <![CDATA[[Ljava.lang.String;@5a85c92]]>
              </value>
            </param>
          </params>
          <reporter-output>
          </reporter-output>
        </test-method> <!-- patenersfooterValidation -->
        <test-method status="PASS" signature="patenersfooterValidation([Ljava.lang.String;)[pri:4, instance:com.atmecs.assessment.testscripts.FootersScript@239963d8]" name="patenersfooterValidation" duration-ms="4" started-at="2019-09-30T14:21:01Z" data-provider="footervalidation" finished-at="2019-09-30T14:21:01Z">
          <params>
            <param index="0">
              <value>
                <![CDATA[[Ljava.lang.String;@32811494]]>
              </value>
            </param>
          </params>
          <reporter-output>
          </reporter-output>
        </test-method> <!-- patenersfooterValidation -->
        <test-method status="PASS" signature="patenersfooterValidation([Ljava.lang.String;)[pri:4, instance:com.atmecs.assessment.testscripts.FootersScript@239963d8]" name="patenersfooterValidation" duration-ms="4" started-at="2019-09-30T14:21:01Z" data-provider="footervalidation" finished-at="2019-09-30T14:21:01Z">
          <params>
            <param index="0">
              <value>
                <![CDATA[[Ljava.lang.String;@4795ded0]]>
              </value>
            </param>
          </params>
          <reporter-output>
          </reporter-output>
        </test-method> <!-- patenersfooterValidation -->
        <test-method status="PASS" signature="patenersfooterValidation([Ljava.lang.String;)[pri:4, instance:com.atmecs.assessment.testscripts.FootersScript@239963d8]" name="patenersfooterValidation" duration-ms="4" started-at="2019-09-30T14:21:01Z" data-provider="footervalidation" finished-at="2019-09-30T14:21:01Z">
          <params>
            <param index="0">
              <value>
                <![CDATA[[Ljava.lang.String;@53dacd14]]>
              </value>
            </param>
          </params>
          <reporter-output>
          </reporter-output>
        </test-method> <!-- patenersfooterValidation -->
        <test-method status="PASS" signature="mediafooterValidation([Ljava.lang.String;)[pri:5, instance:com.atmecs.assessment.testscripts.FootersScript@239963d8]" name="mediafooterValidation" duration-ms="0" started-at="2019-09-30T14:21:01Z" data-provider="footervalidation" finished-at="2019-09-30T14:21:01Z">
          <params>
            <param index="0">
              <value>
                <![CDATA[[Ljava.lang.String;@4c4748bf]]>
              </value>
            </param>
          </params>
          <reporter-output>
          </reporter-output>
        </test-method> <!-- mediafooterValidation -->
        <test-method status="PASS" signature="mediafooterValidation([Ljava.lang.String;)[pri:5, instance:com.atmecs.assessment.testscripts.FootersScript@239963d8]" name="mediafooterValidation" duration-ms="0" started-at="2019-09-30T14:21:01Z" data-provider="footervalidation" finished-at="2019-09-30T14:21:01Z">
          <params>
            <param index="0">
              <value>
                <![CDATA[[Ljava.lang.String;@7ce97ee5]]>
              </value>
            </param>
          </params>
          <reporter-output>
          </reporter-output>
        </test-method> <!-- mediafooterValidation -->
        <test-method status="PASS" signature="mediafooterValidation([Ljava.lang.String;)[pri:5, instance:com.atmecs.assessment.testscripts.FootersScript@239963d8]" name="mediafooterValidation" duration-ms="4" started-at="2019-09-30T14:21:01Z" data-provider="footervalidation" finished-at="2019-09-30T14:21:01Z">
          <params>
            <param index="0">
              <value>
                <![CDATA[[Ljava.lang.String;@73dce0e6]]>
              </value>
            </param>
          </params>
          <reporter-output>
          </reporter-output>
        </test-method> <!-- mediafooterValidation -->
        <test-method status="PASS" signature="mediafooterValidation([Ljava.lang.String;)[pri:5, instance:com.atmecs.assessment.testscripts.FootersScript@239963d8]" name="mediafooterValidation" duration-ms="0" started-at="2019-09-30T14:21:01Z" data-provider="footervalidation" finished-at="2019-09-30T14:21:01Z">
          <params>
            <param index="0">
              <value>
                <![CDATA[[Ljava.lang.String;@32c8e539]]>
              </value>
            </param>
          </params>
          <reporter-output>
          </reporter-output>
        </test-method> <!-- mediafooterValidation -->
        <test-method status="PASS" signature="insightsfooterValidation([Ljava.lang.String;)[pri:6, instance:com.atmecs.assessment.testscripts.FootersScript@239963d8]" name="insightsfooterValidation" duration-ms="4" started-at="2019-09-30T14:21:01Z" data-provider="footervalidation" finished-at="2019-09-30T14:21:01Z">
          <params>
            <param index="0">
              <value>
                <![CDATA[[Ljava.lang.String;@f478a81]]>
              </value>
            </param>
          </params>
          <reporter-output>
          </reporter-output>
        </test-method> <!-- insightsfooterValidation -->
        <test-method status="PASS" signature="insightsfooterValidation([Ljava.lang.String;)[pri:6, instance:com.atmecs.assessment.testscripts.FootersScript@239963d8]" name="insightsfooterValidation" duration-ms="0" started-at="2019-09-30T14:21:01Z" data-provider="footervalidation" finished-at="2019-09-30T14:21:01Z">
          <params>
            <param index="0">
              <value>
                <![CDATA[[Ljava.lang.String;@19553973]]>
              </value>
            </param>
          </params>
          <reporter-output>
          </reporter-output>
        </test-method> <!-- insightsfooterValidation -->
        <test-method status="PASS" signature="insightsfooterValidation([Ljava.lang.String;)[pri:6, instance:com.atmecs.assessment.testscripts.FootersScript@239963d8]" name="insightsfooterValidation" duration-ms="4" started-at="2019-09-30T14:21:01Z" data-provider="footervalidation" finished-at="2019-09-30T14:21:01Z">
          <params>
            <param index="0">
              <value>
                <![CDATA[[Ljava.lang.String;@7bb6ab3a]]>
              </value>
            </param>
          </params>
          <reporter-output>
          </reporter-output>
        </test-method> <!-- insightsfooterValidation -->
        <test-method status="PASS" signature="insightsfooterValidation([Ljava.lang.String;)[pri:6, instance:com.atmecs.assessment.testscripts.FootersScript@239963d8]" name="insightsfooterValidation" duration-ms="4" started-at="2019-09-30T14:21:01Z" data-provider="footervalidation" finished-at="2019-09-30T14:21:01Z">
          <params>
            <param index="0">
              <value>
                <![CDATA[[Ljava.lang.String;@7fe7c640]]>
              </value>
            </param>
          </params>
          <reporter-output>
          </reporter-output>
        </test-method> <!-- insightsfooterValidation -->
        <test-method status="PASS" signature="careersfooterValidation([Ljava.lang.String;)[pri:7, instance:com.atmecs.assessment.testscripts.FootersScript@239963d8]" name="careersfooterValidation" duration-ms="0" started-at="2019-09-30T14:21:01Z" data-provider="footervalidation" finished-at="2019-09-30T14:21:01Z">
          <params>
            <param index="0">
              <value>
                <![CDATA[[Ljava.lang.String;@435fb7b5]]>
              </value>
            </param>
          </params>
          <reporter-output>
          </reporter-output>
        </test-method> <!-- careersfooterValidation -->
        <test-method status="PASS" signature="careersfooterValidation([Ljava.lang.String;)[pri:7, instance:com.atmecs.assessment.testscripts.FootersScript@239963d8]" name="careersfooterValidation" duration-ms="4" started-at="2019-09-30T14:21:01Z" data-provider="footervalidation" finished-at="2019-09-30T14:21:01Z">
          <params>
            <param index="0">
              <value>
                <![CDATA[[Ljava.lang.String;@4e70a728]]>
              </value>
            </param>
          </params>
          <reporter-output>
          </reporter-output>
        </test-method> <!-- careersfooterValidation -->
        <test-method status="PASS" signature="careersfooterValidation([Ljava.lang.String;)[pri:7, instance:com.atmecs.assessment.testscripts.FootersScript@239963d8]" name="careersfooterValidation" duration-ms="0" started-at="2019-09-30T14:21:01Z" data-provider="footervalidation" finished-at="2019-09-30T14:21:01Z">
          <params>
            <param index="0">
              <value>
                <![CDATA[[Ljava.lang.String;@b7838a9]]>
              </value>
            </param>
          </params>
          <reporter-output>
          </reporter-output>
        </test-method> <!-- careersfooterValidation -->
        <test-method status="PASS" signature="careersfooterValidation([Ljava.lang.String;)[pri:7, instance:com.atmecs.assessment.testscripts.FootersScript@239963d8]" name="careersfooterValidation" duration-ms="0" started-at="2019-09-30T14:21:01Z" data-provider="footervalidation" finished-at="2019-09-30T14:21:01Z">
          <params>
            <param index="0">
              <value>
                <![CDATA[[Ljava.lang.String;@696f0212]]>
              </value>
            </param>
          </params>
          <reporter-output>
          </reporter-output>
        </test-method> <!-- careersfooterValidation -->
        <test-method status="PASS" signature="contactfooterValidation([Ljava.lang.String;)[pri:8, instance:com.atmecs.assessment.testscripts.FootersScript@239963d8]" name="contactfooterValidation" duration-ms="0" started-at="2019-09-30T14:21:02Z" data-provider="footervalidation" finished-at="2019-09-30T14:21:02Z">
          <params>
            <param index="0">
              <value>
                <![CDATA[[Ljava.lang.String;@5733f295]]>
              </value>
            </param>
          </params>
          <reporter-output>
          </reporter-output>
        </test-method> <!-- contactfooterValidation -->
        <test-method status="PASS" signature="contactfooterValidation([Ljava.lang.String;)[pri:8, instance:com.atmecs.assessment.testscripts.FootersScript@239963d8]" name="contactfooterValidation" duration-ms="0" started-at="2019-09-30T14:21:02Z" data-provider="footervalidation" finished-at="2019-09-30T14:21:02Z">
          <params>
            <param index="0">
              <value>
                <![CDATA[[Ljava.lang.String;@1c3146bc]]>
              </value>
            </param>
          </params>
          <reporter-output>
          </reporter-output>
        </test-method> <!-- contactfooterValidation -->
        <test-method status="PASS" signature="contactfooterValidation([Ljava.lang.String;)[pri:8, instance:com.atmecs.assessment.testscripts.FootersScript@239963d8]" name="contactfooterValidation" duration-ms="0" started-at="2019-09-30T14:21:02Z" data-provider="footervalidation" finished-at="2019-09-30T14:21:02Z">
          <params>
            <param index="0">
              <value>
                <![CDATA[[Ljava.lang.String;@56c698e3]]>
              </value>
            </param>
          </params>
          <reporter-output>
          </reporter-output>
        </test-method> <!-- contactfooterValidation -->
        <test-method status="PASS" signature="contactfooterValidation([Ljava.lang.String;)[pri:8, instance:com.atmecs.assessment.testscripts.FootersScript@239963d8]" name="contactfooterValidation" duration-ms="0" started-at="2019-09-30T14:21:02Z" data-provider="footervalidation" finished-at="2019-09-30T14:21:02Z">
          <params>
            <param index="0">
              <value>
                <![CDATA[[Ljava.lang.String;@47a86fbb]]>
              </value>
            </param>
          </params>
          <reporter-output>
          </reporter-output>
        </test-method> <!-- contactfooterValidation -->
      </class> <!-- com.atmecs.assessment.testscripts.FootersScript -->
    </test> <!-- Default test -->
  </suite> <!-- Default suite -->
</testng-results>
